<?xml version="1.0" encoding="UTF-8"?>
<coverage generated="1616185721921" clover="3.2.0">
  <project timestamp="1616185721921" name="All files">
    <metrics statements="56" coveredstatements="54" conditionals="4" coveredconditionals="3" methods="24" coveredmethods="23" elements="84" coveredelements="80" complexity="0" loc="56" ncloc="56" packages="4" files="9" classes="9"/>
    <package name="infra">
      <metrics statements="4" coveredstatements="4" conditionals="0" coveredconditionals="0" methods="2" coveredmethods="2"/>
      <file name="date.id-generator.ts" path="/home/douglas/Projetos/fullstack-template/infra/date.id-generator.ts">
        <metrics statements="4" coveredstatements="4" conditionals="0" coveredconditionals="0" methods="2" coveredmethods="2"/>
        <line num="3" count="1" type="stmt"/>
        <line num="4" count="1" type="stmt"/>
        <line num="5" count="1" type="stmt"/>
        <line num="7" count="1" type="stmt"/>
      </file>
    </package>
    <package name="use-cases.add-task">
      <metrics statements="23" coveredstatements="23" conditionals="0" coveredconditionals="0" methods="8" coveredmethods="8"/>
      <file name="add-task.interactor.ts" path="/home/douglas/Projetos/fullstack-template/use-cases/add-task/add-task.interactor.ts">
        <metrics statements="8" coveredstatements="8" conditionals="0" coveredconditionals="0" methods="3" coveredmethods="3"/>
        <line num="7" count="1" type="stmt"/>
        <line num="9" count="1" type="stmt"/>
        <line num="10" count="1" type="stmt"/>
        <line num="13" count="1" type="stmt"/>
        <line num="14" count="1" type="stmt"/>
        <line num="15" count="1" type="stmt"/>
        <line num="20" count="2" type="stmt"/>
        <line num="22" count="1" type="stmt"/>
      </file>
      <file name="add-task.localstorage.ts" path="/home/douglas/Projetos/fullstack-template/use-cases/add-task/add-task.localstorage.ts">
        <metrics statements="8" coveredstatements="8" conditionals="0" coveredconditionals="0" methods="2" coveredmethods="2"/>
        <line num="3" count="1" type="stmt"/>
        <line num="5" count="1" type="stmt"/>
        <line num="6" count="1" type="stmt"/>
        <line num="7" count="1" type="stmt"/>
        <line num="8" count="1" type="stmt"/>
        <line num="10" count="1" type="stmt"/>
        <line num="12" count="1" type="stmt"/>
        <line num="14" count="1" type="stmt"/>
      </file>
      <file name="add-task.presentation.tsx" path="/home/douglas/Projetos/fullstack-template/use-cases/add-task/add-task.presentation.tsx">
        <metrics statements="7" coveredstatements="7" conditionals="0" coveredconditionals="0" methods="3" coveredmethods="3"/>
        <line num="7" count="3" type="stmt"/>
        <line num="8" count="3" type="stmt"/>
        <line num="11" count="1" type="stmt"/>
        <line num="12" count="1" type="stmt"/>
        <line num="13" count="1" type="stmt"/>
        <line num="16" count="3" type="stmt"/>
        <line num="20" count="1" type="stmt"/>
      </file>
    </package>
    <package name="use-cases.list-tasks">
      <metrics statements="15" coveredstatements="13" conditionals="4" coveredconditionals="3" methods="8" coveredmethods="7"/>
      <file name="TasksList.tsx" path="/home/douglas/Projetos/fullstack-template/use-cases/list-tasks/TasksList.tsx">
        <metrics statements="5" coveredstatements="3" conditionals="2" coveredconditionals="1" methods="3" coveredmethods="2"/>
        <line num="5" count="1" type="stmt"/>
        <line num="7" count="1" type="stmt"/>
        <line num="10" count="1" type="stmt"/>
        <line num="14" count="0" type="stmt"/>
        <line num="15" count="0" type="stmt"/>
      </file>
      <file name="list-tasks.interactor.ts" path="/home/douglas/Projetos/fullstack-template/use-cases/list-tasks/list-tasks.interactor.ts">
        <metrics statements="5" coveredstatements="5" conditionals="0" coveredconditionals="0" methods="3" coveredmethods="3"/>
        <line num="5" count="1" type="stmt"/>
        <line num="6" count="1" type="stmt"/>
        <line num="8" count="1" type="stmt"/>
        <line num="9" count="1" type="stmt"/>
        <line num="11" count="1" type="stmt"/>
      </file>
      <file name="list-tasks.localstorage.ts" path="/home/douglas/Projetos/fullstack-template/use-cases/list-tasks/list-tasks.localstorage.ts">
        <metrics statements="5" coveredstatements="5" conditionals="2" coveredconditionals="2" methods="2" coveredmethods="2"/>
        <line num="4" count="3" type="stmt"/>
        <line num="5" count="3" type="stmt"/>
        <line num="6" count="4" type="stmt"/>
        <line num="7" count="4" type="cond" truecount="2" falsecount="0"/>
        <line num="9" count="3" type="stmt"/>
      </file>
    </package>
    <package name="use-cases.toggle-is-done-task">
      <metrics statements="14" coveredstatements="14" conditionals="0" coveredconditionals="0" methods="6" coveredmethods="6"/>
      <file name="toggle-is-done-task.interactor.ts" path="/home/douglas/Projetos/fullstack-template/use-cases/toggle-is-done-task/toggle-is-done-task.interactor.ts">
        <metrics statements="5" coveredstatements="5" conditionals="0" coveredconditionals="0" methods="3" coveredmethods="3"/>
        <line num="4" count="1" type="stmt"/>
        <line num="6" count="1" type="stmt"/>
        <line num="9" count="1" type="stmt"/>
        <line num="10" count="1" type="stmt"/>
        <line num="12" count="1" type="stmt"/>
      </file>
      <file name="toggle-is-done-task.localstorage.ts" path="/home/douglas/Projetos/fullstack-template/use-cases/toggle-is-done-task/toggle-is-done-task.localstorage.ts">
        <metrics statements="9" coveredstatements="9" conditionals="0" coveredconditionals="0" methods="3" coveredmethods="3"/>
        <line num="1" count="1" type="stmt"/>
        <line num="4" count="1" type="stmt"/>
        <line num="6" count="1" type="stmt"/>
        <line num="7" count="1" type="stmt"/>
        <line num="8" count="1" type="stmt"/>
        <line num="10" count="1" type="stmt"/>
        <line num="11" count="1" type="stmt"/>
        <line num="13" count="1" type="stmt"/>
        <line num="15" count="1" type="stmt"/>
      </file>
    </package>
  </project>
</coverage>
