TN:
SF:infra/date.id-generator.ts
FN:3,(anonymous_0)
FN:4,(anonymous_2)
FNF:2
FNH:2
FNDA:2,(anonymous_0)
FNDA:1,(anonymous_2)
DA:3,1
DA:4,1
DA:5,1
DA:7,1
LF:4
LH:4
BRF:0
BRH:0
end_of_record
TN:
SF:use-cases/add-task/add-task.interactor.ts
FN:7,(anonymous_13)
FN:8,AddTaskInteractor
FN:13,(anonymous_15)
FNF:3
FNH:3
FNDA:1,(anonymous_13)
FNDA:1,AddTaskInteractor
FNDA:1,(anonymous_15)
DA:7,1
DA:9,1
DA:10,1
DA:13,1
DA:14,1
DA:15,1
DA:20,2
DA:22,1
LF:8
LH:8
BRF:0
BRH:0
end_of_record
TN:
SF:use-cases/add-task/add-task.localstorage.ts
FN:5,(anonymous_13)
FN:6,(anonymous_15)
FNF:2
FNH:2
FNDA:2,(anonymous_13)
FNDA:1,(anonymous_15)
DA:3,1
DA:5,1
DA:6,1
DA:7,1
DA:8,1
DA:10,1
DA:12,1
DA:14,1
LF:8
LH:8
BRF:0
BRH:0
end_of_record
TN:
SF:use-cases/add-task/add-task.presentation.tsx
FN:6,AddTaskPresentation
FN:10,onClickAddTask
FN:20,(anonymous_2)
FNF:3
FNH:3
FNDA:3,AddTaskPresentation
FNDA:1,onClickAddTask
FNDA:1,(anonymous_2)
DA:7,3
DA:8,3
DA:11,1
DA:12,1
DA:13,1
DA:16,3
DA:20,1
LF:7
LH:7
BRF:0
BRH:0
end_of_record
TN:
SF:use-cases/list-tasks/TasksList.tsx
FN:4,TasksList
FN:9,(anonymous_1)
FN:13,(anonymous_2)
FNF:3
FNH:2
FNDA:1,TasksList
FNDA:1,(anonymous_1)
FNDA:0,(anonymous_2)
DA:5,1
DA:7,1
DA:10,1
DA:14,0
DA:15,0
LF:5
LH:3
BRDA:12,0,0,0
BRDA:12,0,1,1
BRF:2
BRH:1
end_of_record
TN:
SF:use-cases/list-tasks/list-tasks.interactor.ts
FN:5,(anonymous_0)
FN:6,ListTasksInteractor
FN:8,(anonymous_2)
FNF:3
FNH:3
FNDA:1,(anonymous_0)
FNDA:1,ListTasksInteractor
FNDA:1,(anonymous_2)
DA:5,1
DA:6,1
DA:8,1
DA:9,1
DA:11,1
LF:5
LH:5
BRF:0
BRH:0
end_of_record
TN:
SF:use-cases/list-tasks/list-tasks.localstorage.ts
FN:4,(anonymous_13)
FN:5,(anonymous_15)
FNF:2
FNH:2
FNDA:7,(anonymous_13)
FNDA:4,(anonymous_15)
DA:4,3
DA:5,3
DA:6,4
DA:7,4
DA:9,3
LF:5
LH:5
BRDA:7,0,0,4
BRDA:7,0,1,2
BRF:2
BRH:2
end_of_record
TN:
SF:use-cases/toggle-is-done-task/toggle-is-done-task.interactor.ts
FN:4,(anonymous_0)
FN:5,ToggleIsDoneTaskInteractor
FN:9,(anonymous_2)
FNF:3
FNH:3
FNDA:1,(anonymous_0)
FNDA:1,ToggleIsDoneTaskInteractor
FNDA:1,(anonymous_2)
DA:4,1
DA:6,1
DA:9,1
DA:10,1
DA:12,1
LF:5
LH:5
BRF:0
BRH:0
end_of_record
TN:
SF:use-cases/toggle-is-done-task/toggle-is-done-task.localstorage.ts
FN:4,(anonymous_13)
FN:6,(anonymous_15)
FN:10,(anonymous_18)
FNF:3
FNH:3
FNDA:2,(anonymous_13)
FNDA:1,(anonymous_15)
FNDA:1,(anonymous_18)
DA:1,1
DA:4,1
DA:6,1
DA:7,1
DA:8,1
DA:10,1
DA:11,1
DA:13,1
DA:15,1
LF:9
LH:9
BRF:0
BRH:0
end_of_record
